<html>
<head>
<title>TestNG:  Test</title>
<link href="../testng.css" rel="stylesheet" type="text/css" />
<link href="../my-testng.css" rel="stylesheet" type="text/css" />

<style type="text/css">
.log { display: none;} 
.stack-trace { display: none;} 
</style>
<script type="text/javascript">
<!--
function flip(e) {
  current = e.style.display;
  if (current == 'block') {
    e.style.display = 'none';
    return 0;
  }
  else {
    e.style.display = 'block';
    return 1;
  }
}

function toggleBox(szDivId, elem, msg1, msg2)
{
  var res = -1;  if (document.getElementById) {
    res = flip(document.getElementById(szDivId));
  }
  else if (document.all) {
    // this is the way old msie versions work
    res = flip(document.all[szDivId]);
  }
  if(elem) {
    if(res == 0) elem.innerHTML = msg1; else elem.innerHTML = msg2;
  }

}

function toggleAllBoxes() {
  if (document.getElementsByTagName) {
    d = document.getElementsByTagName('div');
    for (i = 0; i < d.length; i++) {
      if (d[i].className == 'log') {
        flip(d[i]);
      }
    }
  }
}

// -->
</script>

</head>
<body>
<h2 align='center'>Test</h2><table border='1' align="center">
<tr>
<td>Tests passed/Failed/Skipped:</td><td>10/4/0</td>
</tr><tr>
<td>Started on:</td><td>Sun Apr 28 13:20:06 IST 2024</td>
</tr>
<tr><td>Total time:</td><td>21 seconds (21415 ms)</td>
</tr><tr>
<td>Included groups:</td><td></td>
</tr><tr>
<td>Excluded groups:</td><td></td>
</tr>
</table><p/>
<small><i>(Hover the method name to see the test class name)</i></small><p/>
<table width='100%' border='1' class='invocation-failed'>
<tr><td colspan='4' align='center'><b>FAILED TESTS</b></td></tr>
<tr><td><b>Test method</b></td>
<td><b>Attribute(s)</b></td>
<td width="30%"><b>Exception</b></td>
<td width="10%"><b>Time (seconds)</b></td>
<td><b>Instance</b></td>
</tr>
<tr>
<td title='api.test.UserTests2.testPostUser()'><b>testPostUser</b><br>Test class: api.test.UserTests2</td>
<td><div><pre>java.util.MissingResourceException: Can&apos;t find bundle for base name routes, locale en_IN
	at java.base/java.util.ResourceBundle.throwMissingResourceException(ResourceBundle.java:2045)
	at java.base/java.util.ResourceBundle.getBundleImpl(ResourceBundle.java:1683)
	at java.base/java.util.ResourceBundle.getBundleImpl(ResourceBundle.java:1586)
	at java.base/java.util.ResourceBundle.getBundleImpl(ResourceBundle.java:1549)
	at java.base/java.util.ResourceBundle.getBundle(ResourceBundle.java:858)
	at api.endpoints.UserEndPoint2.getURL(UserEndPoint2.java:27)
	at api.endpoints.UserEndPoint2.creatUser(UserEndPoint2.java:32)
	at api.test.UserTests2.testPostUser(UserTests2.java:59)
	at java.base/java.util.concurrent.Executors$RunnableAdapter.call(Executors.java:539)
	at java.base/java.util.concurrent.FutureTask.run(FutureTask.java:264)
	at java.base/java.util.concurrent.ThreadPoolExecutor.runWorker(ThreadPoolExecutor.java:1136)
	at java.base/java.util.concurrent.ThreadPoolExecutor$Worker.run(ThreadPoolExecutor.java:635)
	at java.base/java.lang.Thread.run(Thread.java:833)
... Removed 13 stack frames</pre></div><a href='#' onClick='toggleBox("stack-trace409253783", this, "Click to show all stack frames", "Click to hide stack frames")'>Click to show all stack frames</a>
<div class='stack-trace' id='stack-trace409253783'><pre>java.util.MissingResourceException: Can&apos;t find bundle for base name routes, locale en_IN
	at java.base/java.util.ResourceBundle.throwMissingResourceException(ResourceBundle.java:2045)
	at java.base/java.util.ResourceBundle.getBundleImpl(ResourceBundle.java:1683)
	at java.base/java.util.ResourceBundle.getBundleImpl(ResourceBundle.java:1586)
	at java.base/java.util.ResourceBundle.getBundleImpl(ResourceBundle.java:1549)
	at java.base/java.util.ResourceBundle.getBundle(ResourceBundle.java:858)
	at api.endpoints.UserEndPoint2.getURL(UserEndPoint2.java:27)
	at api.endpoints.UserEndPoint2.creatUser(UserEndPoint2.java:32)
	at api.test.UserTests2.testPostUser(UserTests2.java:59)
	at java.base/jdk.internal.reflect.NativeMethodAccessorImpl.invoke0(Native Method)
	at java.base/jdk.internal.reflect.NativeMethodAccessorImpl.invoke(NativeMethodAccessorImpl.java:77)
	at java.base/jdk.internal.reflect.DelegatingMethodAccessorImpl.invoke(DelegatingMethodAccessorImpl.java:43)
	at java.base/java.lang.reflect.Method.invoke(Method.java:568)
	at org.testng.internal.invokers.MethodInvocationHelper.invokeMethod(MethodInvocationHelper.java:139)
	at org.testng.internal.invokers.TestInvoker.invokeMethod(TestInvoker.java:664)
	at org.testng.internal.invokers.TestInvoker.invokeTestMethod(TestInvoker.java:228)
	at org.testng.internal.invokers.MethodRunner.runInSequence(MethodRunner.java:63)
	at org.testng.internal.invokers.TestInvoker$MethodInvocationAgent.invoke(TestInvoker.java:961)
	at org.testng.internal.invokers.TestInvoker.invokeTestMethods(TestInvoker.java:201)
	at org.testng.internal.invokers.TestMethodWorker.invokeTestMethods(TestMethodWorker.java:148)
	at org.testng.internal.invokers.TestMethodWorker.run(TestMethodWorker.java:128)
	at java.base/java.util.concurrent.Executors$RunnableAdapter.call(Executors.java:539)
	at java.base/java.util.concurrent.FutureTask.run(FutureTask.java:264)
	at org.testng.internal.thread.graph.TestNGFutureTask.run(TestNGFutureTask.java:22)
	at java.base/java.util.concurrent.ThreadPoolExecutor.runWorker(ThreadPoolExecutor.java:1136)
	at java.base/java.util.concurrent.ThreadPoolExecutor$Worker.run(ThreadPoolExecutor.java:635)
	at java.base/java.lang.Thread.run(Thread.java:833)
</pre></div></td>
<td>0</td>
<td>api.test.UserTests2@6a62689d</td></tr>
<tr>
<td title='api.test.UserTests2.testDeleteUserByName()'><b>testDeleteUserByName</b><br>Test class: api.test.UserTests2</td>
<td><div><pre>java.util.MissingResourceException: Can&apos;t find bundle for base name routes, locale en_IN
	at java.base/java.util.ResourceBundle.throwMissingResourceException(ResourceBundle.java:2045)
	at java.base/java.util.ResourceBundle.getBundleImpl(ResourceBundle.java:1683)
	at java.base/java.util.ResourceBundle.getBundleImpl(ResourceBundle.java:1586)
	at java.base/java.util.ResourceBundle.getBundleImpl(ResourceBundle.java:1549)
	at java.base/java.util.ResourceBundle.getBundle(ResourceBundle.java:858)
	at api.endpoints.UserEndPoint2.getURL(UserEndPoint2.java:27)
	at api.endpoints.UserEndPoint2.deleteUser(UserEndPoint2.java:71)
	at api.test.UserTests2.testDeleteUserByName(UserTests2.java:98)
	at java.base/java.util.concurrent.Executors$RunnableAdapter.call(Executors.java:539)
	at java.base/java.util.concurrent.FutureTask.run(FutureTask.java:264)
	at java.base/java.util.concurrent.ThreadPoolExecutor.runWorker(ThreadPoolExecutor.java:1136)
	at java.base/java.util.concurrent.ThreadPoolExecutor$Worker.run(ThreadPoolExecutor.java:635)
	at java.base/java.lang.Thread.run(Thread.java:833)
... Removed 13 stack frames</pre></div><a href='#' onClick='toggleBox("stack-trace381336327", this, "Click to show all stack frames", "Click to hide stack frames")'>Click to show all stack frames</a>
<div class='stack-trace' id='stack-trace381336327'><pre>java.util.MissingResourceException: Can&apos;t find bundle for base name routes, locale en_IN
	at java.base/java.util.ResourceBundle.throwMissingResourceException(ResourceBundle.java:2045)
	at java.base/java.util.ResourceBundle.getBundleImpl(ResourceBundle.java:1683)
	at java.base/java.util.ResourceBundle.getBundleImpl(ResourceBundle.java:1586)
	at java.base/java.util.ResourceBundle.getBundleImpl(ResourceBundle.java:1549)
	at java.base/java.util.ResourceBundle.getBundle(ResourceBundle.java:858)
	at api.endpoints.UserEndPoint2.getURL(UserEndPoint2.java:27)
	at api.endpoints.UserEndPoint2.deleteUser(UserEndPoint2.java:71)
	at api.test.UserTests2.testDeleteUserByName(UserTests2.java:98)
	at java.base/jdk.internal.reflect.NativeMethodAccessorImpl.invoke0(Native Method)
	at java.base/jdk.internal.reflect.NativeMethodAccessorImpl.invoke(NativeMethodAccessorImpl.java:77)
	at java.base/jdk.internal.reflect.DelegatingMethodAccessorImpl.invoke(DelegatingMethodAccessorImpl.java:43)
	at java.base/java.lang.reflect.Method.invoke(Method.java:568)
	at org.testng.internal.invokers.MethodInvocationHelper.invokeMethod(MethodInvocationHelper.java:139)
	at org.testng.internal.invokers.TestInvoker.invokeMethod(TestInvoker.java:664)
	at org.testng.internal.invokers.TestInvoker.invokeTestMethod(TestInvoker.java:228)
	at org.testng.internal.invokers.MethodRunner.runInSequence(MethodRunner.java:63)
	at org.testng.internal.invokers.TestInvoker$MethodInvocationAgent.invoke(TestInvoker.java:961)
	at org.testng.internal.invokers.TestInvoker.invokeTestMethods(TestInvoker.java:201)
	at org.testng.internal.invokers.TestMethodWorker.invokeTestMethods(TestMethodWorker.java:148)
	at org.testng.internal.invokers.TestMethodWorker.run(TestMethodWorker.java:128)
	at java.base/java.util.concurrent.Executors$RunnableAdapter.call(Executors.java:539)
	at java.base/java.util.concurrent.FutureTask.run(FutureTask.java:264)
	at org.testng.internal.thread.graph.TestNGFutureTask.run(TestNGFutureTask.java:22)
	at java.base/java.util.concurrent.ThreadPoolExecutor.runWorker(ThreadPoolExecutor.java:1136)
	at java.base/java.util.concurrent.ThreadPoolExecutor$Worker.run(ThreadPoolExecutor.java:635)
	at java.base/java.lang.Thread.run(Thread.java:833)
</pre></div></td>
<td>0</td>
<td>api.test.UserTests2@6a62689d</td></tr>
<tr>
<td title='api.test.UserTests2.testGetUserByName()'><b>testGetUserByName</b><br>Test class: api.test.UserTests2</td>
<td><div><pre>java.util.MissingResourceException: Can&apos;t find bundle for base name routes, locale en_IN
	at java.base/java.util.ResourceBundle.throwMissingResourceException(ResourceBundle.java:2045)
	at java.base/java.util.ResourceBundle.getBundleImpl(ResourceBundle.java:1683)
	at java.base/java.util.ResourceBundle.getBundleImpl(ResourceBundle.java:1586)
	at java.base/java.util.ResourceBundle.getBundleImpl(ResourceBundle.java:1549)
	at java.base/java.util.ResourceBundle.getBundle(ResourceBundle.java:858)
	at api.endpoints.UserEndPoint2.getURL(UserEndPoint2.java:27)
	at api.endpoints.UserEndPoint2.readUser(UserEndPoint2.java:47)
	at api.test.UserTests2.testGetUserByName(UserTests2.java:69)
	at java.base/java.util.concurrent.Executors$RunnableAdapter.call(Executors.java:539)
	at java.base/java.util.concurrent.FutureTask.run(FutureTask.java:264)
	at java.base/java.util.concurrent.ThreadPoolExecutor.runWorker(ThreadPoolExecutor.java:1136)
	at java.base/java.util.concurrent.ThreadPoolExecutor$Worker.run(ThreadPoolExecutor.java:635)
	at java.base/java.lang.Thread.run(Thread.java:833)
... Removed 13 stack frames</pre></div><a href='#' onClick='toggleBox("stack-trace1818758358", this, "Click to show all stack frames", "Click to hide stack frames")'>Click to show all stack frames</a>
<div class='stack-trace' id='stack-trace1818758358'><pre>java.util.MissingResourceException: Can&apos;t find bundle for base name routes, locale en_IN
	at java.base/java.util.ResourceBundle.throwMissingResourceException(ResourceBundle.java:2045)
	at java.base/java.util.ResourceBundle.getBundleImpl(ResourceBundle.java:1683)
	at java.base/java.util.ResourceBundle.getBundleImpl(ResourceBundle.java:1586)
	at java.base/java.util.ResourceBundle.getBundleImpl(ResourceBundle.java:1549)
	at java.base/java.util.ResourceBundle.getBundle(ResourceBundle.java:858)
	at api.endpoints.UserEndPoint2.getURL(UserEndPoint2.java:27)
	at api.endpoints.UserEndPoint2.readUser(UserEndPoint2.java:47)
	at api.test.UserTests2.testGetUserByName(UserTests2.java:69)
	at java.base/jdk.internal.reflect.NativeMethodAccessorImpl.invoke0(Native Method)
	at java.base/jdk.internal.reflect.NativeMethodAccessorImpl.invoke(NativeMethodAccessorImpl.java:77)
	at java.base/jdk.internal.reflect.DelegatingMethodAccessorImpl.invoke(DelegatingMethodAccessorImpl.java:43)
	at java.base/java.lang.reflect.Method.invoke(Method.java:568)
	at org.testng.internal.invokers.MethodInvocationHelper.invokeMethod(MethodInvocationHelper.java:139)
	at org.testng.internal.invokers.TestInvoker.invokeMethod(TestInvoker.java:664)
	at org.testng.internal.invokers.TestInvoker.invokeTestMethod(TestInvoker.java:228)
	at org.testng.internal.invokers.MethodRunner.runInSequence(MethodRunner.java:63)
	at org.testng.internal.invokers.TestInvoker$MethodInvocationAgent.invoke(TestInvoker.java:961)
	at org.testng.internal.invokers.TestInvoker.invokeTestMethods(TestInvoker.java:201)
	at org.testng.internal.invokers.TestMethodWorker.invokeTestMethods(TestMethodWorker.java:148)
	at org.testng.internal.invokers.TestMethodWorker.run(TestMethodWorker.java:128)
	at java.base/java.util.concurrent.Executors$RunnableAdapter.call(Executors.java:539)
	at java.base/java.util.concurrent.FutureTask.run(FutureTask.java:264)
	at org.testng.internal.thread.graph.TestNGFutureTask.run(TestNGFutureTask.java:22)
	at java.base/java.util.concurrent.ThreadPoolExecutor.runWorker(ThreadPoolExecutor.java:1136)
	at java.base/java.util.concurrent.ThreadPoolExecutor$Worker.run(ThreadPoolExecutor.java:635)
	at java.base/java.lang.Thread.run(Thread.java:833)
</pre></div></td>
<td>0</td>
<td>api.test.UserTests2@6a62689d</td></tr>
<tr>
<td title='api.test.UserTests2.testUpdateUser()'><b>testUpdateUser</b><br>Test class: api.test.UserTests2</td>
<td><div><pre>java.util.MissingResourceException: Can&apos;t find bundle for base name routes, locale en_IN
	at java.base/java.util.ResourceBundle.throwMissingResourceException(ResourceBundle.java:2045)
	at java.base/java.util.ResourceBundle.getBundleImpl(ResourceBundle.java:1683)
	at java.base/java.util.ResourceBundle.getBundleImpl(ResourceBundle.java:1586)
	at java.base/java.util.ResourceBundle.getBundleImpl(ResourceBundle.java:1549)
	at java.base/java.util.ResourceBundle.getBundle(ResourceBundle.java:858)
	at api.endpoints.UserEndPoint2.getURL(UserEndPoint2.java:27)
	at api.endpoints.UserEndPoint2.updateUser(UserEndPoint2.java:58)
	at api.test.UserTests2.testUpdateUser(UserTests2.java:83)
	at java.base/java.util.concurrent.Executors$RunnableAdapter.call(Executors.java:539)
	at java.base/java.util.concurrent.FutureTask.run(FutureTask.java:264)
	at java.base/java.util.concurrent.ThreadPoolExecutor.runWorker(ThreadPoolExecutor.java:1136)
	at java.base/java.util.concurrent.ThreadPoolExecutor$Worker.run(ThreadPoolExecutor.java:635)
	at java.base/java.lang.Thread.run(Thread.java:833)
... Removed 13 stack frames</pre></div><a href='#' onClick='toggleBox("stack-trace2030241500", this, "Click to show all stack frames", "Click to hide stack frames")'>Click to show all stack frames</a>
<div class='stack-trace' id='stack-trace2030241500'><pre>java.util.MissingResourceException: Can&apos;t find bundle for base name routes, locale en_IN
	at java.base/java.util.ResourceBundle.throwMissingResourceException(ResourceBundle.java:2045)
	at java.base/java.util.ResourceBundle.getBundleImpl(ResourceBundle.java:1683)
	at java.base/java.util.ResourceBundle.getBundleImpl(ResourceBundle.java:1586)
	at java.base/java.util.ResourceBundle.getBundleImpl(ResourceBundle.java:1549)
	at java.base/java.util.ResourceBundle.getBundle(ResourceBundle.java:858)
	at api.endpoints.UserEndPoint2.getURL(UserEndPoint2.java:27)
	at api.endpoints.UserEndPoint2.updateUser(UserEndPoint2.java:58)
	at api.test.UserTests2.testUpdateUser(UserTests2.java:83)
	at java.base/jdk.internal.reflect.NativeMethodAccessorImpl.invoke0(Native Method)
	at java.base/jdk.internal.reflect.NativeMethodAccessorImpl.invoke(NativeMethodAccessorImpl.java:77)
	at java.base/jdk.internal.reflect.DelegatingMethodAccessorImpl.invoke(DelegatingMethodAccessorImpl.java:43)
	at java.base/java.lang.reflect.Method.invoke(Method.java:568)
	at org.testng.internal.invokers.MethodInvocationHelper.invokeMethod(MethodInvocationHelper.java:139)
	at org.testng.internal.invokers.TestInvoker.invokeMethod(TestInvoker.java:664)
	at org.testng.internal.invokers.TestInvoker.invokeTestMethod(TestInvoker.java:228)
	at org.testng.internal.invokers.MethodRunner.runInSequence(MethodRunner.java:63)
	at org.testng.internal.invokers.TestInvoker$MethodInvocationAgent.invoke(TestInvoker.java:961)
	at org.testng.internal.invokers.TestInvoker.invokeTestMethods(TestInvoker.java:201)
	at org.testng.internal.invokers.TestMethodWorker.invokeTestMethods(TestMethodWorker.java:148)
	at org.testng.internal.invokers.TestMethodWorker.run(TestMethodWorker.java:128)
	at java.base/java.util.concurrent.Executors$RunnableAdapter.call(Executors.java:539)
	at java.base/java.util.concurrent.FutureTask.run(FutureTask.java:264)
	at org.testng.internal.thread.graph.TestNGFutureTask.run(TestNGFutureTask.java:22)
	at java.base/java.util.concurrent.ThreadPoolExecutor.runWorker(ThreadPoolExecutor.java:1136)
	at java.base/java.util.concurrent.ThreadPoolExecutor$Worker.run(ThreadPoolExecutor.java:635)
	at java.base/java.lang.Thread.run(Thread.java:833)
</pre></div></td>
<td>0</td>
<td>api.test.UserTests2@6a62689d</td></tr>
</table><p>
<table width='100%' border='1' class='invocation-passed'>
<tr><td colspan='4' align='center'><b>PASSED TESTS</b></td></tr>
<tr><td><b>Test method</b></td>
<td><b>Attribute(s)</b></td>
<td width="30%"><b>Exception</b></td>
<td width="10%"><b>Time (seconds)</b></td>
<td><b>Instance</b></td>
</tr>
<tr>
<td title='api.test.DataDrivenTests.testDeleteUserByName()'><b>testDeleteUserByName</b><br>Test class: api.test.DataDrivenTests<br>Parameters: {firstName=Kim, lastName=Kom, password=12345679, phone=999911921, userName=KimKom, userID=1020, email=kim.kom@gmail.com}</td>
<td></td>
<td>1</td>
<td>api.test.DataDrivenTests@4602c2a9</td></tr>
<tr>
<td title='api.test.DataDrivenTests.testPostUser()'><b>testPostUser</b><br>Test class: api.test.DataDrivenTests<br>Parameters: {firstName=John, lastName=Canedy, password=12345678, phone=999911921, userName=JohnCanedy, userID=1010, email=john.canedy@gmail.com}</td>
<td></td>
<td>4</td>
<td>api.test.DataDrivenTests@4602c2a9</td></tr>
<tr>
<td title='api.test.UserTests.testGetUserByName()'><b>testGetUserByName</b><br>Test class: api.test.UserTests</td>
<td></td>
<td>2</td>
<td>api.test.UserTests@172ca72b</td></tr>
<tr>
<td title='api.test.DataDrivenTests.testDeleteUserByName()'><b>testDeleteUserByName</b><br>Test class: api.test.DataDrivenTests<br>Parameters: {firstName=John, lastName=Canedy, password=12345678, phone=999911921, userName=JohnCanedy, userID=1010, email=john.canedy@gmail.com}</td>
<td></td>
<td>3</td>
<td>api.test.DataDrivenTests@4602c2a9</td></tr>
<tr>
<td title='api.test.DataDrivenTests.testPostUser()'><b>testPostUser</b><br>Test class: api.test.DataDrivenTests<br>Parameters: {firstName=Smith, lastName=Steve, password=12345680, phone=999911921, userName=SmithSteve, userID=1030, email=smith.steve@gmail.com}</td>
<td></td>
<td>2</td>
<td>api.test.DataDrivenTests@4602c2a9</td></tr>
<tr>
<td title='api.test.DataDrivenTests.testDeleteUserByName()'><b>testDeleteUserByName</b><br>Test class: api.test.DataDrivenTests<br>Parameters: {firstName=Smith, lastName=Steve, password=12345680, phone=999911921, userName=SmithSteve, userID=1030, email=smith.steve@gmail.com}</td>
<td></td>
<td>4</td>
<td>api.test.DataDrivenTests@4602c2a9</td></tr>
<tr>
<td title='api.test.UserTests.testUpdateUser()'><b>testUpdateUser</b><br>Test class: api.test.UserTests</td>
<td></td>
<td>9</td>
<td>api.test.UserTests@172ca72b</td></tr>
<tr>
<td title='api.test.DataDrivenTests.testPostUser()'><b>testPostUser</b><br>Test class: api.test.DataDrivenTests<br>Parameters: {firstName=Kim, lastName=Kom, password=12345679, phone=999911921, userName=KimKom, userID=1020, email=kim.kom@gmail.com}</td>
<td></td>
<td>3</td>
<td>api.test.DataDrivenTests@4602c2a9</td></tr>
<tr>
<td title='api.test.UserTests.testPostUser()'><b>testPostUser</b><br>Test class: api.test.UserTests</td>
<td></td>
<td>5</td>
<td>api.test.UserTests@172ca72b</td></tr>
<tr>
<td title='api.test.UserTests.testDeleteUserByName()'><b>testDeleteUserByName</b><br>Test class: api.test.UserTests</td>
<td></td>
<td>1</td>
<td>api.test.UserTests@172ca72b</td></tr>
</table><p>
</body>
</html>